<?xml version="1.0" encoding="UTF-8"?>
<!-- Generated by org.testng.reporters.JUnitReportReporter -->
<testsuite name="com.ecom.amazon.login.HomepageTest" tests="1" time="0.497" ignored="0" failures="0" timestamp="09 Jun 2018 07:24:44 GMT" skipped="0" hostname="User-Laptop" errors="0">
  <testcase name="TestHomepage" time="0.497" classname="com.ecom.amazon.login.HomepageTest"/>
</testsuite> <!-- com.ecom.amazon.login.HomepageTest -->
